2019-05-06 03:57:06,096 INFO  [main] thrift.ThriftServer: ***** STARTING service 'ThriftServer' *****
2019-05-06 03:57:06,133 INFO  [main] util.VersionInfo: HBase 2.1.2
2019-05-06 03:57:06,134 INFO  [main] util.VersionInfo: Source code repository git://kalashnikov/Users/stack/checkouts/hbase.git revision=1dfc418f77801fbfb59a125756891b9100c1fc6d
2019-05-06 03:57:06,134 INFO  [main] util.VersionInfo: Compiled by stack on Sun Dec 30 21:45:09 PST 2018
2019-05-06 03:57:06,134 INFO  [main] util.VersionInfo: From source with checksum 5701bcce2fc4832a4b2990adc735b516
2019-05-06 03:57:07,460 INFO  [main] thrift.ThriftServerRunner: Using default thrift server type
2019-05-06 03:57:07,460 INFO  [main] thrift.ThriftServerRunner: Using thrift server type threadpool
2019-05-06 03:57:07,649 WARN  [main] util.NativeCodeLoader: Unable to load native-hadoop library for your platform... using builtin-java classes where applicable
2019-05-06 03:57:10,181 INFO  [main] metrics.MetricRegistries: Loaded MetricRegistries class org.apache.hadoop.hbase.metrics.impl.MetricRegistriesImpl
2019-05-06 03:57:10,724 INFO  [main] util.log: Logging initialized @5953ms
2019-05-06 03:57:11,195 INFO  [main] http.HttpRequestLog: Http request log for http.requests.thrift is not defined
2019-05-06 03:57:11,239 INFO  [main] http.HttpServer: Added global filter 'safety' (class=org.apache.hadoop.hbase.http.HttpServer$QuotingInputFilter)
2019-05-06 03:57:11,245 INFO  [main] http.HttpServer: Added global filter 'clickjackingprevention' (class=org.apache.hadoop.hbase.http.ClickjackingPreventionFilter)
2019-05-06 03:57:11,302 INFO  [main] http.HttpServer: Added filter static_user_filter (class=org.apache.hadoop.hbase.http.lib.StaticUserWebFilter$StaticUserFilter) to context thrift
2019-05-06 03:57:11,302 INFO  [main] http.HttpServer: Added filter static_user_filter (class=org.apache.hadoop.hbase.http.lib.StaticUserWebFilter$StaticUserFilter) to context static
2019-05-06 03:57:11,303 INFO  [main] http.HttpServer: Added filter static_user_filter (class=org.apache.hadoop.hbase.http.lib.StaticUserWebFilter$StaticUserFilter) to context logs
2019-05-06 03:57:11,472 INFO  [main] http.HttpServer: Jetty bound to port 9095
2019-05-06 03:57:11,476 INFO  [main] server.Server: jetty-9.3.19.v20170502
2019-05-06 03:57:11,712 INFO  [main] handler.ContextHandler: Started o.e.j.s.ServletContextHandler@be35cd9{/logs,file:///opt/hbase/logs/,AVAILABLE}
2019-05-06 03:57:11,713 INFO  [main] handler.ContextHandler: Started o.e.j.s.ServletContextHandler@44821a96{/static,file:///opt/hbase/hbase-webapps/static/,AVAILABLE}
2019-05-06 03:57:12,419 INFO  [main] handler.ContextHandler: Started o.e.j.w.WebAppContext@14028087{/,file:///opt/hbase/hbase-webapps/thrift/,AVAILABLE}{file:/opt/hbase/hbase-webapps/thrift}
2019-05-06 03:57:12,467 INFO  [main] server.AbstractConnector: Started ServerConnector@76d03435{HTTP/1.1,[http/1.1]}{0.0.0.0:9095}
2019-05-06 03:57:12,468 INFO  [main] server.Server: Started @7698ms
2019-05-06 03:57:12,623 INFO  [main] thrift.ThriftServerRunner: starting TBoundedThreadPoolServer on /0.0.0.0:9090 with readTimeout 60000ms; min worker threads=16, max worker threads=1000, max queued requests=1000
2019-05-06 12:55:50,153 INFO  [JvmPauseMonitor] util.JvmPauseMonitor: Detected pause in JVM or host machine (eg GC): pause of approximately 1006ms
No GCs detected
2019-05-06 16:19:56,365 INFO  [ConnectionCache.Chore.1] hbase.ScheduledChore: Chore: ConnectionCleaner missed its start time
2019-05-06 16:20:08,756 INFO  [JvmPauseMonitor] util.JvmPauseMonitor: Detected pause in JVM or host machine (eg GC): pause of approximately 2120ms
No GCs detected
2019-05-06 16:20:15,037 INFO  [JvmPauseMonitor] util.JvmPauseMonitor: Detected pause in JVM or host machine (eg GC): pause of approximately 1246ms
No GCs detected
2019-05-06 16:20:32,088 INFO  [JvmPauseMonitor] util.JvmPauseMonitor: Detected pause in JVM or host machine (eg GC): pause of approximately 6126ms
No GCs detected
2019-05-06 16:20:34,856 INFO  [JvmPauseMonitor] util.JvmPauseMonitor: Detected pause in JVM or host machine (eg GC): pause of approximately 2202ms
No GCs detected
