2019-05-06 03:57:06,340 INFO  [main] RESTServer: ***** STARTING service 'RESTServer' *****
2019-05-06 03:57:06,358 INFO  [main] util.VersionInfo: HBase 2.1.2
2019-05-06 03:57:06,358 INFO  [main] util.VersionInfo: Source code repository git://kalashnikov/Users/stack/checkouts/hbase.git revision=1dfc418f77801fbfb59a125756891b9100c1fc6d
2019-05-06 03:57:06,359 INFO  [main] util.VersionInfo: Compiled by stack on Sun Dec 30 21:45:09 PST 2018
2019-05-06 03:57:06,359 INFO  [main] util.VersionInfo: From source with checksum 5701bcce2fc4832a4b2990adc735b516
2019-05-06 03:57:08,069 WARN  [main] util.NativeCodeLoader: Unable to load native-hadoop library for your platform... using builtin-java classes where applicable
2019-05-06 03:57:10,500 INFO  [main] metrics.MetricRegistries: Loaded MetricRegistries class org.apache.hadoop.hbase.metrics.impl.MetricRegistriesImpl
2019-05-06 03:57:11,242 INFO  [main] util.log: Logging initialized @6255ms
2019-05-06 03:57:12,414 INFO  [main] http.HttpRequestLog: Http request log for http.requests.rest is not defined
2019-05-06 03:57:12,538 INFO  [main] http.HttpServer: Added global filter 'safety' (class=org.apache.hadoop.hbase.http.HttpServer$QuotingInputFilter)
2019-05-06 03:57:12,549 INFO  [main] http.HttpServer: Added global filter 'clickjackingprevention' (class=org.apache.hadoop.hbase.http.ClickjackingPreventionFilter)
2019-05-06 03:57:12,582 INFO  [main] http.HttpServer: Added filter static_user_filter (class=org.apache.hadoop.hbase.http.lib.StaticUserWebFilter$StaticUserFilter) to context rest
2019-05-06 03:57:12,583 INFO  [main] http.HttpServer: Added filter static_user_filter (class=org.apache.hadoop.hbase.http.lib.StaticUserWebFilter$StaticUserFilter) to context static
2019-05-06 03:57:12,584 INFO  [main] http.HttpServer: Added filter static_user_filter (class=org.apache.hadoop.hbase.http.lib.StaticUserWebFilter$StaticUserFilter) to context logs
2019-05-06 03:57:12,681 INFO  [main] http.HttpServer: Jetty bound to port 8085
2019-05-06 03:57:12,686 INFO  [main] server.Server: jetty-9.3.19.v20170502
2019-05-06 03:57:12,835 INFO  [main] handler.ContextHandler: Started o.e.j.s.ServletContextHandler@6574a52c{/logs,file:///opt/hbase/logs/,AVAILABLE}
2019-05-06 03:57:12,837 INFO  [main] handler.ContextHandler: Started o.e.j.s.ServletContextHandler@1c7696c6{/static,file:///opt/hbase/hbase-webapps/static/,AVAILABLE}
2019-05-06 03:57:13,090 INFO  [main] handler.ContextHandler: Started o.e.j.w.WebAppContext@3e0e1046{/,file:///opt/hbase/hbase-webapps/rest/,AVAILABLE}{file:/opt/hbase/hbase-webapps/rest}
2019-05-06 03:57:13,119 INFO  [main] server.AbstractConnector: Started ServerConnector@f237070{HTTP/1.1,[http/1.1]}{0.0.0.0:8085}
2019-05-06 03:57:13,119 INFO  [main] server.Server: Started @8178ms
2019-05-06 03:57:13,121 INFO  [main] server.Server: jetty-9.3.19.v20170502
2019-05-06 03:57:13,146 WARN  [main] security.SecurityHandler: ServletContext@o.e.j.s.ServletContextHandler@4bb33f74{/,null,STARTING} has uncovered http methods for path: /*
2019-05-06 03:57:15,174 INFO  [main] handler.ContextHandler: Started o.e.j.s.ServletContextHandler@4bb33f74{/,null,AVAILABLE}
2019-05-06 03:57:15,189 INFO  [main] server.AbstractConnector: Started ServerConnector@29e495ff{HTTP/1.1,[http/1.1]}{0.0.0.0:8080}
2019-05-06 03:57:15,194 INFO  [main] server.Server: Started @10252ms
2019-05-06 12:55:50,130 INFO  [JvmPauseMonitor] util.JvmPauseMonitor: Detected pause in JVM or host machine (eg GC): pause of approximately 1030ms
No GCs detected
2019-05-06 15:30:09,563 INFO  [JvmPauseMonitor] util.JvmPauseMonitor: Detected pause in JVM or host machine (eg GC): pause of approximately 1148ms
No GCs detected
2019-05-06 16:19:55,463 INFO  [ConnectionCache.Chore.1] hbase.ScheduledChore: Chore: ConnectionCleaner missed its start time
2019-05-06 16:20:15,032 INFO  [JvmPauseMonitor] util.JvmPauseMonitor: Detected pause in JVM or host machine (eg GC): pause of approximately 1292ms
No GCs detected
2019-05-06 16:20:32,074 INFO  [JvmPauseMonitor] util.JvmPauseMonitor: Detected pause in JVM or host machine (eg GC): pause of approximately 6073ms
No GCs detected
2019-05-06 16:20:34,837 INFO  [JvmPauseMonitor] util.JvmPauseMonitor: Detected pause in JVM or host machine (eg GC): pause of approximately 2176ms
No GCs detected
